[0.011s] Invoking command in '/home/humble/ros2_control/build/my_robot_hardware': CMAKE_PREFIX_PATH=/opt/ros/humble /usr/bin/cmake --build /home/humble/ros2_control/build/my_robot_hardware -- -j16 -l16
[0.049s] [35m[1mConsolidate compiler generated dependencies of target my_robot_hardware[0m
[0.063s] [ 50%] [32mBuilding CXX object CMakeFiles/my_robot_hardware.dir/src/mobile_base_hardware_interface.cpp.o[0m
[0.605s] [01m[K/home/humble/ros2_control/src/my_robot_hardware/src/mobile_base_hardware_interface.cpp:[m[K In member function â€˜[01m[Kvirtual hardware_interface::CallbackReturn mobile_base_hardware::MobileBaseHardwareInterface::on_init(const hardware_interface::HardwareInfo&)[m[Kâ€™:
[0.605s] [01m[K/home/humble/ros2_control/src/my_robot_hardware/src/mobile_base_hardware_interface.cpp:35:9:[m[K [01;31m[Kerror: [m[Kâ€˜[01m[Kstate_interfaces_[m[Kâ€™ was not declared in this scope; did you mean â€˜[01m[KSystemInterface[m[Kâ€™?
[0.605s]    35 |         [01;31m[Kstate_interfaces_[m[K.emplace_back(
[0.605s]       |         [01;31m[K^~~~~~~~~~~~~~~~~[m[K
[0.605s]       |         [32m[KSystemInterface[m[K
[0.605s] [01m[K/home/humble/ros2_control/src/my_robot_hardware/src/mobile_base_hardware_interface.cpp:38:37:[m[K [01;31m[Kerror: [m[Kâ€˜[01m[KHW_IF_POSITION[m[Kâ€™ is not a member of â€˜[01m[Khardware_interface[m[Kâ€™
[0.605s]    38 |                 hardware_interface::[01;31m[KHW_IF_POSITION[m[K,
[0.605s]       |                                     [01;31m[K^~~~~~~~~~~~~~[m[K
[0.605s] [01m[K/home/humble/ros2_control/src/my_robot_hardware/src/mobile_base_hardware_interface.cpp:47:37:[m[K [01;31m[Kerror: [m[Kâ€˜[01m[KHW_IF_VELOCITY[m[Kâ€™ is not a member of â€˜[01m[Khardware_interface[m[Kâ€™
[0.605s]    47 |                 hardware_interface::[01;31m[KHW_IF_VELOCITY[m[K,
[0.605s]       |                                     [01;31m[K^~~~~~~~~~~~~~[m[K
[0.609s] [01m[K/home/humble/ros2_control/src/my_robot_hardware/src/mobile_base_hardware_interface.cpp:53:9:[m[K [01;31m[Kerror: [m[Kâ€˜[01m[Kcommand_interfaces_[m[Kâ€™ was not declared in this scope; did you mean â€˜[01m[Kexport_command_interfaces[m[Kâ€™?
[0.609s]    53 |         [01;31m[Kcommand_interfaces_[m[K.emplace_back(
[0.609s]       |         [01;31m[K^~~~~~~~~~~~~~~~~~~[m[K
[0.609s]       |         [32m[Kexport_command_interfaces[m[K
[0.609s] [01m[K/home/humble/ros2_control/src/my_robot_hardware/src/mobile_base_hardware_interface.cpp:56:37:[m[K [01;31m[Kerror: [m[Kâ€˜[01m[KHW_IF_VELOCITY[m[Kâ€™ is not a member of â€˜[01m[Khardware_interface[m[Kâ€™
[0.609s]    56 |                 hardware_interface::[01;31m[KHW_IF_VELOCITY[m[K,
[0.609s]       |                                     [01;31m[K^~~~~~~~~~~~~~[m[K
[0.752s] In file included from [01m[K/opt/ros/humble/include/class_loader/class_loader/class_loader_core.hpp:57[m[K,
[0.752s]                  from [01m[K/opt/ros/humble/include/class_loader/class_loader/class_loader.hpp:55[m[K,
[0.753s]                  from [01m[K/opt/ros/humble/include/pluginlib/pluginlib/class_list_macros.hpp:40[m[K,
[0.753s]                  from [01m[K/home/humble/ros2_control/src/my_robot_hardware/src/mobile_base_hardware_interface.cpp:154[m[K:
[0.753s] /opt/ros/humble/include/class_loader/class_loader/meta_object.hpp: In instantiation of â€˜[01m[KB* class_loader::impl::MetaObject<C, B>::create() const [with C = mobile_base_hardware::MobileBaseHardwareInterface; B = hardware_interface::SystemInterface][m[Kâ€™:
[0.753s] [01m[K/opt/ros/humble/include/class_loader/class_loader/meta_object.hpp:216:7:[m[K   required from here
[0.753s] [01m[K/opt/ros/humble/include/class_loader/class_loader/meta_object.hpp:218:12:[m[K [01;31m[Kerror: [m[Kinvalid new-expression of abstract class type â€˜[01m[Kmobile_base_hardware::MobileBaseHardwareInterface[m[Kâ€™
[0.753s]   218 |     return [01;31m[Knew C[m[K;
[0.753s]       |            [01;31m[K^~~~~[m[K
[0.753s] In file included from [01m[K/home/humble/ros2_control/src/my_robot_hardware/src/mobile_base_hardware_interface.cpp:1[m[K:
[0.753s] [01m[K/home/humble/ros2_control/src/my_robot_hardware/include/my_robot_hardware/mobile_base_hardware_interface.hpp:10:7:[m[K [01;36m[Knote: [m[K  because the following virtual functions are pure within â€˜[01m[Kmobile_base_hardware::MobileBaseHardwareInterface[m[Kâ€™:
[0.753s]    10 | class [01;36m[KMobileBaseHardwareInterface[m[K : public hardware_interface::SystemInterface
[0.753s]       |       [01;36m[K^~~~~~~~~~~~~~~~~~~~~~~~~~~[m[K
[0.753s] In file included from [01m[K/home/humble/ros2_control/src/my_robot_hardware/include/my_robot_hardware/mobile_base_hardware_interface.hpp:4[m[K,
[0.753s]                  from [01m[K/home/humble/ros2_control/src/my_robot_hardware/src/mobile_base_hardware_interface.cpp:1[m[K:
[0.753s] [01m[K/opt/ros/humble/include/hardware_interface/system_interface.hpp:113:39:[m[K [01;36m[Knote: [m[K    â€˜[01m[Kvirtual std::vector<hardware_interface::StateInterface> hardware_interface::SystemInterface::export_state_interfaces()[m[Kâ€™
[0.753s]   113 |   virtual std::vector<StateInterface> [01;36m[Kexport_state_interfaces[m[K() = 0;
[0.753s]       |                                       [01;36m[K^~~~~~~~~~~~~~~~~~~~~~~[m[K
[0.753s] [01m[K/opt/ros/humble/include/hardware_interface/system_interface.hpp:124:41:[m[K [01;36m[Knote: [m[K    â€˜[01m[Kvirtual std::vector<hardware_interface::CommandInterface> hardware_interface::SystemInterface::export_command_interfaces()[m[Kâ€™
[0.753s]   124 |   virtual std::vector<CommandInterface> [01;36m[Kexport_command_interfaces[m[K() = 0;
[0.753s]       |                                         [01;36m[K^~~~~~~~~~~~~~~~~~~~~~~~~[m[K
[0.794s] gmake[2]: *** [CMakeFiles/my_robot_hardware.dir/build.make:76ï¼šCMakeFiles/my_robot_hardware.dir/src/mobile_base_hardware_interface.cpp.o] é”™è¯¯ 1
[0.794s] gmake[1]: *** [CMakeFiles/Makefile2:137ï¼šCMakeFiles/my_robot_hardware.dir/all] é”™è¯¯ 2
[0.794s] gmake: *** [Makefile:146ï¼šall] é”™è¯¯ 2
[0.796s] Invoked command in '/home/humble/ros2_control/build/my_robot_hardware' returned '2': CMAKE_PREFIX_PATH=/opt/ros/humble /usr/bin/cmake --build /home/humble/ros2_control/build/my_robot_hardware -- -j16 -l16
